<?xml version="1.0" encoding="UTF-8"?>
<!-- Generated by org.testng.reporters.JUnitReportReporter -->
<testsuite hostname="Carmelos-MacBook-Air.local" failures="0" tests="2" name="runners.TestRunner" time="10.805" errors="0" timestamp="2025-05-12T09:41:56 MST" skipped="0">
  <testcase classname="runners.TestRunner" name="runScenario" time="10.521"/>
  <testcase classname="runners.TestRunner" name="runScenario" time="0.284"/>
</testsuite> <!-- runners.TestRunner -->
