<?xml version="1.0" encoding="UTF-8"?>
<!-- Generated by org.testng.reporters.JUnitReportReporter -->
<testsuite hostname="Carmelos-MacBook-Air.local" failures="0" tests="1" name="api.ApiTest" time="3.439" errors="0" timestamp="2025-05-12T09:41:56 MST" skipped="0">
  <testcase classname="api.ApiTest" name="testGetRequest" time="3.439"/>
</testsuite> <!-- api.ApiTest -->
